<?xml version="1.0" encoding="UTF-8"?>
<!-- Generated by org.testng.reporters.JUnitReportReporter -->
<testsuite hostname="DESKTOP-8KHMGMV" failures="0" tests="2" name="runners.TestRunner" time="8.520" errors="0" timestamp="2024-09-29T22:09:58 IST" skipped="0">
  <testcase classname="runners.TestRunner" name="runScenario" time="2.454"/>
  <testcase classname="runners.TestRunner" name="runScenario" time="6.066"/>
</testsuite> <!-- runners.TestRunner -->
